-------------------------------------------------------------------------------
Test set: com.amit.IndusrtryBaseRestProjectApplicationTests
-------------------------------------------------------------------------------
Tests run: 1, Failures: 0, Errors: 1, Skipped: 0, Time elapsed: 11.416 s <<< FAILURE! - in com.amit.IndusrtryBaseRestProjectApplicationTests
contextLoads  Time elapsed: 0.021 s  <<< ERROR!
java.lang.IllegalStateException: Failed to load ApplicationContext
Caused by: org.springframework.beans.factory.UnsatisfiedDependencyException: Error creating bean with name 'studentController': Unsatisfied dependency expressed through field 'studentService'; nested exception is org.springframework.beans.factory.UnsatisfiedDependencyException: Error creating bean with name 'studentServiceImpl': Unsatisfied dependency expressed through field 'studentRepo'; nested exception is org.springframework.beans.factory.BeanCreationException: Error creating bean with name 'studentRepo' defined in com.amit.repo.StudentRepo defined in @EnableJpaRepositories declared on JpaRepositoriesRegistrar.EnableJpaRepositoriesConfiguration: Invocation of init method failed; nested exception is java.lang.IllegalArgumentException: Not a managed type: class com.amit.entity.Student
Caused by: org.springframework.beans.factory.UnsatisfiedDependencyException: Error creating bean with name 'studentServiceImpl': Unsatisfied dependency expressed through field 'studentRepo'; nested exception is org.springframework.beans.factory.BeanCreationException: Error creating bean with name 'studentRepo' defined in com.amit.repo.StudentRepo defined in @EnableJpaRepositories declared on JpaRepositoriesRegistrar.EnableJpaRepositoriesConfiguration: Invocation of init method failed; nested exception is java.lang.IllegalArgumentException: Not a managed type: class com.amit.entity.Student
Caused by: org.springframework.beans.factory.BeanCreationException: Error creating bean with name 'studentRepo' defined in com.amit.repo.StudentRepo defined in @EnableJpaRepositories declared on JpaRepositoriesRegistrar.EnableJpaRepositoriesConfiguration: Invocation of init method failed; nested exception is java.lang.IllegalArgumentException: Not a managed type: class com.amit.entity.Student
Caused by: java.lang.IllegalArgumentException: Not a managed type: class com.amit.entity.Student

